<?xml version="1.0" encoding="UTF-8"?>
<!-- Generated by org.testng.reporters.JUnitXMLReporter -->
<testsuite ignored="0" hostname="Lenovo-2U7CL21" failures="0" tests="2" name="Default test" time="11.036" errors="0" timestamp="13 Dec 2025 16:19:41 GMT">
  <testcase classname="seleniumFramework.tests.ErrorValidationsTest" name="LoginErrorValidation" time="0.476"/>
  <testcase classname="seleniumFramework.tests.ErrorValidationsTest" name="ProductErrorValidation" time="6.279"/>
</testsuite> <!-- Default test -->
