<?xml version="1.0" encoding="UTF-8"?>
<!-- Generated by org.testng.reporters.JUnitXMLReporter -->
<testsuite ignored="0" hostname="Lenovo-2U7CL21" failures="0" tests="2" name="Error Validations Test" time="15.307" errors="0" timestamp="2025-12-14T14:28:25 IST">
  <testcase classname="seleniumFramework.tests.ErrorValidationsTest" name="LoginErrorValidation" time="1.0"/>
  <testcase classname="seleniumFramework.tests.ErrorValidationsTest" name="ProductErrorValidation" time="6.348"/>
</testsuite> <!-- Error Validations Test -->
