<?xml version="1.0" encoding="UTF-8"?>
<!-- Generated by org.testng.reporters.JUnitXMLReporter -->
<testsuite ignored="0" hostname="Lenovo-2U7CL21" failures="0" tests="3" name="Submit Order Test" time="89.084" errors="0" timestamp="2025-12-14T14:29:38 IST">
  <testcase classname="seleniumFramework.tests.SubmitOrderTest" name="submitOrder" time="40.643"/>
  <testcase classname="seleniumFramework.tests.SubmitOrderTest" name="submitOrder" time="39.014"/>
  <testcase classname="seleniumFramework.tests.SubmitOrderTest" name="OrderHistoryTest" time="0.779"/>
</testsuite> <!-- Submit Order Test -->
