<?xml version="1.0" encoding="UTF-8"?>
<!-- Generated by org.testng.reporters.JUnitXMLReporter -->
<testsuite ignored="0" hostname="Lenovo-2U7CL21" failures="0" tests="2" name="Error Validations Test" time="13.315" errors="0" timestamp="2025-12-15T12:10:15 IST">
  <testcase classname="seleniumFramework.tests.ErrorValidationsTest" name="LoginErrorValidation" time="0.987"/>
  <testcase classname="seleniumFramework.tests.ErrorValidationsTest" name="ProductErrorValidation" time="6.28"/>
</testsuite> <!-- Error Validations Test -->
