<?xml version="1.0" encoding="UTF-8"?>
<!-- Generated by org.testng.reporters.JUnitXMLReporter -->
<testsuite ignored="0" hostname="Lenovo-2U7CL21" failures="0" tests="3" name="Submit Order Test" time="87.587" errors="0" timestamp="2025-12-15T12:11:28 IST">
  <testcase classname="seleniumFramework.tests.SubmitOrderTest" name="submitOrder" time="40.581"/>
  <testcase classname="seleniumFramework.tests.SubmitOrderTest" name="submitOrder" time="37.913"/>
  <testcase classname="seleniumFramework.tests.SubmitOrderTest" name="OrderHistoryTest" time="0.718"/>
</testsuite> <!-- Submit Order Test -->
