<?xml version="1.0" encoding="UTF-8"?>
<testng-results ignored="0" total="5" passed="5" failed="0" skipped="0">
  <reporter-output>
  </reporter-output>
  <suite started-at="2025-12-15T12:10:01 IST" name="Suite" finished-at="2025-12-15T12:11:28 IST" duration-ms="87587">
    <groups>
      <group name="ErrorHandling">
        <method signature="ErrorValidationsTest.LoginErrorValidation()[pri:0, instance:seleniumFramework.tests.ErrorValidationsTest@15d49048]" name="LoginErrorValidation" class="seleniumFramework.tests.ErrorValidationsTest"/>
      </group> <!-- ErrorHandling -->
      <group name="Purchase">
        <method signature="SubmitOrderTest.submitOrder(java.util.HashMap)[pri:0, instance:seleniumFramework.tests.SubmitOrderTest@194fad1]" name="submitOrder" class="seleniumFramework.tests.SubmitOrderTest"/>
      </group> <!-- Purchase -->
    </groups>
    <test started-at="2025-12-15T12:10:01 IST" name="Error Validations Test" finished-at="2025-12-15T12:10:14 IST" duration-ms="13315">
      <class name="seleniumFramework.tests.ErrorValidationsTest">
        <test-method is-config="true" signature="launchApplication()[pri:0, instance:seleniumFramework.tests.ErrorValidationsTest@15d49048]" started-at="2025-12-15T12:10:01 IST" name="launchApplication" finished-at="2025-12-15T12:10:05 IST" duration-ms="4113" status="PASS">
          <reporter-output>
          </reporter-output>
        </test-method> <!-- launchApplication -->
        <test-method signature="LoginErrorValidation()[pri:0, instance:seleniumFramework.tests.ErrorValidationsTest@15d49048]" started-at="2025-12-15T12:10:05 IST" name="LoginErrorValidation" finished-at="2025-12-15T12:10:06 IST" duration-ms="987" status="PASS">
          <reporter-output>
          </reporter-output>
        </test-method> <!-- LoginErrorValidation -->
        <test-method is-config="true" signature="tearDown()[pri:0, instance:seleniumFramework.tests.ErrorValidationsTest@15d49048]" started-at="2025-12-15T12:10:06 IST" name="tearDown" finished-at="2025-12-15T12:10:06 IST" duration-ms="81" status="PASS">
          <reporter-output>
          </reporter-output>
        </test-method> <!-- tearDown -->
        <test-method is-config="true" signature="launchApplication()[pri:0, instance:seleniumFramework.tests.ErrorValidationsTest@15d49048]" started-at="2025-12-15T12:10:06 IST" name="launchApplication" finished-at="2025-12-15T12:10:08 IST" duration-ms="1730" status="PASS">
          <reporter-output>
          </reporter-output>
        </test-method> <!-- launchApplication -->
        <test-method signature="ProductErrorValidation()[pri:0, instance:seleniumFramework.tests.ErrorValidationsTest@15d49048]" started-at="2025-12-15T12:10:08 IST" name="ProductErrorValidation" finished-at="2025-12-15T12:10:14 IST" duration-ms="6280" status="PASS">
          <reporter-output>
          </reporter-output>
        </test-method> <!-- ProductErrorValidation -->
        <test-method is-config="true" signature="tearDown()[pri:0, instance:seleniumFramework.tests.ErrorValidationsTest@15d49048]" started-at="2025-12-15T12:10:14 IST" name="tearDown" finished-at="2025-12-15T12:10:14 IST" duration-ms="61" status="PASS">
          <reporter-output>
          </reporter-output>
        </test-method> <!-- tearDown -->
      </class> <!-- seleniumFramework.tests.ErrorValidationsTest -->
    </test> <!-- Error Validations Test -->
    <test started-at="2025-12-15T12:10:01 IST" name="Submit Order Test" finished-at="2025-12-15T12:11:28 IST" duration-ms="87587">
      <class name="seleniumFramework.tests.SubmitOrderTest">
        <test-method is-config="true" signature="launchApplication()[pri:0, instance:seleniumFramework.tests.SubmitOrderTest@194fad1]" started-at="2025-12-15T12:10:01 IST" name="launchApplication" finished-at="2025-12-15T12:10:06 IST" duration-ms="4636" status="PASS">
          <reporter-output>
          </reporter-output>
        </test-method> <!-- launchApplication -->
        <test-method signature="submitOrder(java.util.HashMap)[pri:0, instance:seleniumFramework.tests.SubmitOrderTest@194fad1]" started-at="2025-12-15T12:10:06 IST" name="submitOrder" data-provider="getData" finished-at="2025-12-15T12:10:46 IST" duration-ms="40581" status="PASS">
          <params>
            <param index="0">
              <value>
                <![CDATA[{password=Sunil@123, product=ZARA COAT 3, email=sunilchat9@gmail.com}]]>
              </value>
            </param>
          </params>
          <reporter-output>
          </reporter-output>
        </test-method> <!-- submitOrder -->
        <test-method is-config="true" signature="tearDown()[pri:0, instance:seleniumFramework.tests.SubmitOrderTest@194fad1]" started-at="2025-12-15T12:10:46 IST" name="tearDown" finished-at="2025-12-15T12:10:46 IST" duration-ms="67" status="PASS">
          <reporter-output>
          </reporter-output>
        </test-method> <!-- tearDown -->
        <test-method is-config="true" signature="launchApplication()[pri:0, instance:seleniumFramework.tests.SubmitOrderTest@194fad1]" started-at="2025-12-15T12:10:46 IST" name="launchApplication" finished-at="2025-12-15T12:10:48 IST" duration-ms="1611" status="PASS">
          <reporter-output>
          </reporter-output>
        </test-method> <!-- launchApplication -->
        <test-method signature="submitOrder(java.util.HashMap)[pri:0, instance:seleniumFramework.tests.SubmitOrderTest@194fad1]" started-at="2025-12-15T12:10:48 IST" name="submitOrder" data-provider="getData" finished-at="2025-12-15T12:11:26 IST" duration-ms="37913" status="PASS">
          <params>
            <param index="0">
              <value>
                <![CDATA[{password=AnilMathur123, product=ADIDAS ORIGINAL, email=anilmathur@gmail.com}]]>
              </value>
            </param>
          </params>
          <reporter-output>
          </reporter-output>
        </test-method> <!-- submitOrder -->
        <test-method is-config="true" signature="tearDown()[pri:0, instance:seleniumFramework.tests.SubmitOrderTest@194fad1]" started-at="2025-12-15T12:11:26 IST" name="tearDown" finished-at="2025-12-15T12:11:26 IST" duration-ms="98" status="PASS">
          <reporter-output>
          </reporter-output>
        </test-method> <!-- tearDown -->
        <test-method is-config="true" signature="launchApplication()[pri:0, instance:seleniumFramework.tests.SubmitOrderTest@194fad1]" started-at="2025-12-15T12:11:26 IST" name="launchApplication" finished-at="2025-12-15T12:11:28 IST" duration-ms="1584" status="PASS">
          <reporter-output>
          </reporter-output>
        </test-method> <!-- launchApplication -->
        <test-method signature="OrderHistoryTest()[pri:0, instance:seleniumFramework.tests.SubmitOrderTest@194fad1]" started-at="2025-12-15T12:11:28 IST" name="OrderHistoryTest" finished-at="2025-12-15T12:11:28 IST" depends-on-methods="seleniumFramework.tests.SubmitOrderTest.submitOrder" duration-ms="718" status="PASS">
          <reporter-output>
          </reporter-output>
        </test-method> <!-- OrderHistoryTest -->
        <test-method is-config="true" signature="tearDown()[pri:0, instance:seleniumFramework.tests.SubmitOrderTest@194fad1]" started-at="2025-12-15T12:11:28 IST" name="tearDown" finished-at="2025-12-15T12:11:28 IST" duration-ms="60" status="PASS">
          <reporter-output>
          </reporter-output>
        </test-method> <!-- tearDown -->
      </class> <!-- seleniumFramework.tests.SubmitOrderTest -->
    </test> <!-- Submit Order Test -->
  </suite> <!-- Suite -->
</testng-results>
