<?xml version="1.0" encoding="UTF-8"?>
<testng-results ignored="0" total="5" passed="5" failed="0" skipped="0">
  <reporter-output>
  </reporter-output>
  <suite started-at="2025-12-14T14:28:09 IST" name="Suite" finished-at="2025-12-14T14:29:38 IST" duration-ms="89084">
    <groups>
      <group name="ErrorHandling">
        <method signature="ErrorValidationsTest.LoginErrorValidation()[pri:0, instance:seleniumFramework.tests.ErrorValidationsTest@295cf707]" name="LoginErrorValidation" class="seleniumFramework.tests.ErrorValidationsTest"/>
      </group> <!-- ErrorHandling -->
      <group name="Purchase">
        <method signature="SubmitOrderTest.submitOrder(java.util.HashMap)[pri:0, instance:seleniumFramework.tests.SubmitOrderTest@7ac296f6]" name="submitOrder" class="seleniumFramework.tests.SubmitOrderTest"/>
      </group> <!-- Purchase -->
    </groups>
    <test started-at="2025-12-14T14:28:09 IST" name="Error Validations Test" finished-at="2025-12-14T14:28:24 IST" duration-ms="15307">
      <class name="seleniumFramework.tests.ErrorValidationsTest">
        <test-method is-config="true" signature="launchApplication()[pri:0, instance:seleniumFramework.tests.ErrorValidationsTest@295cf707]" started-at="2025-12-14T14:28:09 IST" name="launchApplication" finished-at="2025-12-14T14:28:14 IST" duration-ms="4772" status="PASS">
          <reporter-output>
          </reporter-output>
        </test-method> <!-- launchApplication -->
        <test-method signature="LoginErrorValidation()[pri:0, instance:seleniumFramework.tests.ErrorValidationsTest@295cf707]" started-at="2025-12-14T14:28:14 IST" name="LoginErrorValidation" finished-at="2025-12-14T14:28:15 IST" duration-ms="1000" status="PASS">
          <reporter-output>
          </reporter-output>
        </test-method> <!-- LoginErrorValidation -->
        <test-method is-config="true" signature="tearDown()[pri:0, instance:seleniumFramework.tests.ErrorValidationsTest@295cf707]" started-at="2025-12-14T14:28:15 IST" name="tearDown" finished-at="2025-12-14T14:28:15 IST" duration-ms="78" status="PASS">
          <reporter-output>
          </reporter-output>
        </test-method> <!-- tearDown -->
        <test-method is-config="true" signature="launchApplication()[pri:0, instance:seleniumFramework.tests.ErrorValidationsTest@295cf707]" started-at="2025-12-14T14:28:15 IST" name="launchApplication" finished-at="2025-12-14T14:28:18 IST" duration-ms="2951" status="PASS">
          <reporter-output>
          </reporter-output>
        </test-method> <!-- launchApplication -->
        <test-method signature="ProductErrorValidation()[pri:0, instance:seleniumFramework.tests.ErrorValidationsTest@295cf707]" started-at="2025-12-14T14:28:18 IST" name="ProductErrorValidation" finished-at="2025-12-14T14:28:24 IST" duration-ms="6348" status="PASS">
          <reporter-output>
          </reporter-output>
        </test-method> <!-- ProductErrorValidation -->
        <test-method is-config="true" signature="tearDown()[pri:0, instance:seleniumFramework.tests.ErrorValidationsTest@295cf707]" started-at="2025-12-14T14:28:24 IST" name="tearDown" finished-at="2025-12-14T14:28:24 IST" duration-ms="93" status="PASS">
          <reporter-output>
          </reporter-output>
        </test-method> <!-- tearDown -->
      </class> <!-- seleniumFramework.tests.ErrorValidationsTest -->
    </test> <!-- Error Validations Test -->
    <test started-at="2025-12-14T14:28:09 IST" name="Submit Order Test" finished-at="2025-12-14T14:29:38 IST" duration-ms="89084">
      <class name="seleniumFramework.tests.SubmitOrderTest">
        <test-method is-config="true" signature="launchApplication()[pri:0, instance:seleniumFramework.tests.SubmitOrderTest@7ac296f6]" started-at="2025-12-14T14:28:09 IST" name="launchApplication" finished-at="2025-12-14T14:28:13 IST" duration-ms="3552" status="PASS">
          <reporter-output>
          </reporter-output>
        </test-method> <!-- launchApplication -->
        <test-method signature="submitOrder(java.util.HashMap)[pri:0, instance:seleniumFramework.tests.SubmitOrderTest@7ac296f6]" started-at="2025-12-14T14:28:13 IST" name="submitOrder" data-provider="getData" finished-at="2025-12-14T14:28:53 IST" duration-ms="40643" status="PASS">
          <params>
            <param index="0">
              <value>
                <![CDATA[{password=Sunil@123, product=ZARA COAT 3, email=sunilchat9@gmail.com}]]>
              </value>
            </param>
          </params>
          <reporter-output>
          </reporter-output>
        </test-method> <!-- submitOrder -->
        <test-method is-config="true" signature="tearDown()[pri:0, instance:seleniumFramework.tests.SubmitOrderTest@7ac296f6]" started-at="2025-12-14T14:28:53 IST" name="tearDown" finished-at="2025-12-14T14:28:53 IST" duration-ms="90" status="PASS">
          <reporter-output>
          </reporter-output>
        </test-method> <!-- tearDown -->
        <test-method is-config="true" signature="launchApplication()[pri:0, instance:seleniumFramework.tests.SubmitOrderTest@7ac296f6]" started-at="2025-12-14T14:28:53 IST" name="launchApplication" finished-at="2025-12-14T14:28:56 IST" duration-ms="2822" status="PASS">
          <reporter-output>
          </reporter-output>
        </test-method> <!-- launchApplication -->
        <test-method signature="submitOrder(java.util.HashMap)[pri:0, instance:seleniumFramework.tests.SubmitOrderTest@7ac296f6]" started-at="2025-12-14T14:28:56 IST" name="submitOrder" data-provider="getData" finished-at="2025-12-14T14:29:35 IST" duration-ms="39014" status="PASS">
          <params>
            <param index="0">
              <value>
                <![CDATA[{password=AnilMathur123, product=ADIDAS ORIGINAL, email=anilmathur@gmail.com}]]>
              </value>
            </param>
          </params>
          <reporter-output>
          </reporter-output>
        </test-method> <!-- submitOrder -->
        <test-method is-config="true" signature="tearDown()[pri:0, instance:seleniumFramework.tests.SubmitOrderTest@7ac296f6]" started-at="2025-12-14T14:29:35 IST" name="tearDown" finished-at="2025-12-14T14:29:35 IST" duration-ms="91" status="PASS">
          <reporter-output>
          </reporter-output>
        </test-method> <!-- tearDown -->
        <test-method is-config="true" signature="launchApplication()[pri:0, instance:seleniumFramework.tests.SubmitOrderTest@7ac296f6]" started-at="2025-12-14T14:29:35 IST" name="launchApplication" finished-at="2025-12-14T14:29:37 IST" duration-ms="1692" status="PASS">
          <reporter-output>
          </reporter-output>
        </test-method> <!-- launchApplication -->
        <test-method signature="OrderHistoryTest()[pri:0, instance:seleniumFramework.tests.SubmitOrderTest@7ac296f6]" started-at="2025-12-14T14:29:37 IST" name="OrderHistoryTest" finished-at="2025-12-14T14:29:38 IST" depends-on-methods="seleniumFramework.tests.SubmitOrderTest.submitOrder" duration-ms="779" status="PASS">
          <reporter-output>
          </reporter-output>
        </test-method> <!-- OrderHistoryTest -->
        <test-method is-config="true" signature="tearDown()[pri:0, instance:seleniumFramework.tests.SubmitOrderTest@7ac296f6]" started-at="2025-12-14T14:29:38 IST" name="tearDown" finished-at="2025-12-14T14:29:38 IST" duration-ms="72" status="PASS">
          <reporter-output>
          </reporter-output>
        </test-method> <!-- tearDown -->
      </class> <!-- seleniumFramework.tests.SubmitOrderTest -->
    </test> <!-- Submit Order Test -->
  </suite> <!-- Suite -->
</testng-results>
