<?xml version="1.0" encoding="UTF-8"?>
<!-- Generated by org.testng.reporters.JUnitReportReporter -->
<testsuite hostname="Lenovo-2U7CL21" failures="0" tests="3" name="seleniumFramework.tests.SubmitOrderTest" time="88.755" errors="0" timestamp="2025-12-14T14:29:38 IST" skipped="0">
  <testcase classname="seleniumFramework.tests.SubmitOrderTest" name="submitOrder" time="43.537"/>
  <testcase classname="seleniumFramework.tests.SubmitOrderTest" name="OrderHistoryTest" time="2.561"/>
  <testcase classname="seleniumFramework.tests.SubmitOrderTest" name="submitOrder" time="42.657"/>
</testsuite> <!-- seleniumFramework.tests.SubmitOrderTest -->
