<?xml version="1.0" encoding="UTF-8"?>
<!-- Generated by org.testng.reporters.JUnitReportReporter -->
<testsuite hostname="Lenovo-2U7CL21" failures="0" tests="3" name="seleniumFramework.tests.SubmitOrderTest" time="87.268" errors="0" timestamp="2025-12-15T12:11:29 IST" skipped="0">
  <testcase classname="seleniumFramework.tests.SubmitOrderTest" name="submitOrder" time="45.277"/>
  <testcase classname="seleniumFramework.tests.SubmitOrderTest" name="submitOrder" time="39.595"/>
  <testcase classname="seleniumFramework.tests.SubmitOrderTest" name="OrderHistoryTest" time="2.396"/>
</testsuite> <!-- seleniumFramework.tests.SubmitOrderTest -->
