<?xml version="1.0" encoding="UTF-8"?>
<!-- Generated by org.testng.reporters.JUnitReportReporter -->
<testsuite hostname="Lenovo-2U7CL21" failures="0" tests="2" name="seleniumFramework.tests.ErrorValidationsTest" time="13.252" errors="0" timestamp="2025-12-15T12:11:29 IST" skipped="0">
  <testcase classname="seleniumFramework.tests.ErrorValidationsTest" name="ProductErrorValidation" time="8.071"/>
  <testcase classname="seleniumFramework.tests.ErrorValidationsTest" name="LoginErrorValidation" time="5.181"/>
</testsuite> <!-- seleniumFramework.tests.ErrorValidationsTest -->
