<?xml version="1.0" encoding="UTF-8"?>
<!-- Generated by org.testng.reporters.JUnitReportReporter -->
<testsuite hostname="Lenovo-2U7CL21" failures="0" tests="2" name="seleniumFramework.tests.ErrorValidationsTest" time="12.774" errors="0" timestamp="2025-12-14T14:26:38 IST" skipped="0">
  <testcase classname="seleniumFramework.tests.ErrorValidationsTest" name="ProductErrorValidation" time="8.179"/>
  <testcase classname="seleniumFramework.tests.ErrorValidationsTest" name="LoginErrorValidation" time="4.595"/>
</testsuite> <!-- seleniumFramework.tests.ErrorValidationsTest -->
